<?xml version='1.0'?>
<ns2:test-suite xmlns:ns2='urn:model.allure.qatools.yandex.ru' start='1639129854938' stop='1639129865522'>
    <name>post comment</name>
    <title>post comment</title>
    <test-cases>
        <test-case start='1639129854939' status='broken' stop='1639129855325'>
            <name>post a blank comment</name>
            <title>post a blank comment</title>
            <labels>
                <label name='language' value='javascript'/>
                <label name='framework' value='wdio'/>
                <label name='thread' value='0-0'/>
            </labels>
            <parameters>
                <parameter kind='argument' name='browser' value='chrome-96.0.4664.93'/>
            </parameters>
            <steps/>
            <attachments/>
            <failure>
                <message>ArticlecatalogPage.account is not a function</message>
                <stack-trace>TypeError: ArticlecatalogPage.account is not a function
                    at Context.&lt;anonymous> (/Users/ruo.yang/Documents/Learning/Programs/Webdriverio_/practice/test/specs/post_comment.js:6:34)
                    at Context.executeAsync (/Users/ruo.yang/Documents/Learning/Programs/Webdriverio_/practice/node_modules/@wdio/utils/build/shim.js:325:27)
                    at Context.testFrameworkFnWrapper (/Users/ruo.yang/Documents/Learning/Programs/Webdriverio_/practice/node_modules/@wdio/utils/build/test-framework/testFnWrapper.js:45:32)</stack-trace>
            </failure>
        </test-case>
        <test-case start='1639129855325' status='broken' stop='1639129865522'>
            <name>post a thank comment</name>
            <title>post a thank comment</title>
            <labels>
                <label name='language' value='javascript'/>
                <label name='framework' value='wdio'/>
                <label name='thread' value='0-0'/>
            </labels>
            <parameters>
                <parameter kind='argument' name='browser' value='chrome-96.0.4664.93'/>
            </parameters>
            <steps/>
            <attachments/>
            <failure>
                <message>Can't call setValue on element with selector "[placeholder='Write a comment...']" because element wasn't found</message>
                <stack-trace>Error: Can't call setValue on element with selector "[placeholder='Write a comment...']" because element wasn't found
                    at implicitWait (/Users/ruo.yang/Documents/Learning/Programs/Webdriverio_/practice/node_modules/@wdio/runner/node_modules/webdriverio/build/utils/implicitWait.js:34:19)
                    at async Element.elementErrorHandlerCallbackFn (/Users/ruo.yang/Documents/Learning/Programs/Webdriverio_/practice/node_modules/@wdio/runner/node_modules/webdriverio/build/middlewares.js:20:29)
                    at async Element.wrapCommandFn (/Users/ruo.yang/Documents/Learning/Programs/Webdriverio_/practice/node_modules/@wdio/utils/build/shim.js:131:29)
                    at async Article_detail_page.comment (/Users/ruo.yang/Documents/Learning/Programs/Webdriverio_/practice/test/pageobjects/article_detail_page.js:21:9)
                    at async Context.&lt;anonymous> (/Users/ruo.yang/Documents/Learning/Programs/Webdriverio_/practice/test/specs/post_comment.js:20:9)</stack-trace>
            </failure>
        </test-case>
    </test-cases>
</ns2:test-suite>