<?xml version='1.0'?>
<ns2:test-suite xmlns:ns2='urn:model.allure.qatools.yandex.ru' start='1639663585906' stop='1639663623194'>
    <name>write new articles</name>
    <title>write new articles</title>
    <test-cases>
        <test-case start='1639663585906' status='passed' stop='1639663596385'>
            <name>failed because title</name>
            <title>failed because title</title>
            <labels>
                <label name='language' value='javascript'/>
                <label name='framework' value='wdio'/>
                <label name='thread' value='0-0'/>
            </labels>
            <parameters>
                <parameter kind='argument' name='browser' value='chrome-96.0.4664.110'/>
            </parameters>
            <steps/>
            <attachments/>
        </test-case>
        <test-case start='1639663596385' status='broken' stop='1639663609710'>
            <name>failed because description</name>
            <title>failed because description</title>
            <labels>
                <label name='language' value='javascript'/>
                <label name='framework' value='wdio'/>
                <label name='thread' value='0-0'/>
            </labels>
            <parameters>
                <parameter kind='argument' name='browser' value='chrome-96.0.4664.110'/>
            </parameters>
            <steps/>
            <attachments/>
            <failure>
                <message>Can't call click on element with selector "=Sign in" because element wasn't found</message>
                <stack-trace>Error: Can't call click on element with selector "=Sign in" because element wasn't found
                    at implicitWait (/Users/ruo.yang/Documents/Learning/Programs/Webdriverio_/practice/node_modules/@wdio/runner/node_modules/webdriverio/build/utils/implicitWait.js:34:19)
                    at async Element.elementErrorHandlerCallbackFn (/Users/ruo.yang/Documents/Learning/Programs/Webdriverio_/practice/node_modules/@wdio/runner/node_modules/webdriverio/build/middlewares.js:20:29)
                    at async Element.wrapCommandFn (/Users/ruo.yang/Documents/Learning/Programs/Webdriverio_/practice/node_modules/@wdio/utils/build/shim.js:131:29)
                    at async Sign_in_page.open (/Users/ruo.yang/Documents/Learning/Programs/Webdriverio_/practice/test/pageobjects/sign_in_page.js:16:9)
                    at async New_article_page.open (/Users/ruo.yang/Documents/Learning/Programs/Webdriverio_/practice/test/pageobjects/new_article_page.js:17:9)
                    at async Context.&lt;anonymous> (/Users/ruo.yang/Documents/Learning/Programs/Webdriverio_/practice/test/specs/new_article.js:9:9)</stack-trace>
            </failure>
        </test-case>
        <test-case start='1639663609710' status='broken' stop='1639663623194'>
            <name>successfully write a new article</name>
            <title>successfully write a new article</title>
            <labels>
                <label name='language' value='javascript'/>
                <label name='framework' value='wdio'/>
                <label name='thread' value='0-0'/>
            </labels>
            <parameters>
                <parameter kind='argument' name='browser' value='chrome-96.0.4664.110'/>
            </parameters>
            <steps/>
            <attachments/>
            <failure>
                <message>Can't call click on element with selector "=Sign in" because element wasn't found</message>
                <stack-trace>Error: Can't call click on element with selector "=Sign in" because element wasn't found
                    at implicitWait (/Users/ruo.yang/Documents/Learning/Programs/Webdriverio_/practice/node_modules/@wdio/runner/node_modules/webdriverio/build/utils/implicitWait.js:34:19)
                    at async Element.elementErrorHandlerCallbackFn (/Users/ruo.yang/Documents/Learning/Programs/Webdriverio_/practice/node_modules/@wdio/runner/node_modules/webdriverio/build/middlewares.js:20:29)
                    at async Element.wrapCommandFn (/Users/ruo.yang/Documents/Learning/Programs/Webdriverio_/practice/node_modules/@wdio/utils/build/shim.js:131:29)
                    at async Sign_in_page.open (/Users/ruo.yang/Documents/Learning/Programs/Webdriverio_/practice/test/pageobjects/sign_in_page.js:16:9)
                    at async New_article_page.open (/Users/ruo.yang/Documents/Learning/Programs/Webdriverio_/practice/test/pageobjects/new_article_page.js:17:9)
                    at async Context.&lt;anonymous> (/Users/ruo.yang/Documents/Learning/Programs/Webdriverio_/practice/test/specs/new_article.js:19:9)</stack-trace>
            </failure>
        </test-case>
    </test-cases>
</ns2:test-suite>